Arguments: 
  /usr/bin/node /usr/bin/yarn phpstan analyse src

PATH: 
  /usr/local/sbin:/usr/local/bin:/usr/bin:/usr/bin/site_perl:/usr/bin/vendor_perl:/usr/bin/core_perl:/home/louis/.config/composer/vendor/bin:/usr/bin/site_perl:/usr/bin/vendor_perl:/usr/bin/core_perl:/home/louis/.config/composer/vendor/bin

Yarn version: 
  1.10.1

Node version: 
  10.11.0

Platform: 
  linux x64

Trace: 
  SyntaxError: /home/louis/web/yktr.io/package.json: Unexpected token } in JSON at position 766
      at JSON.parse (<anonymous>)
      at /usr/lib/node_modules/yarn/lib/cli.js:1136:59
      at Generator.next (<anonymous>)
      at step (/usr/lib/node_modules/yarn/lib/cli.js:98:30)
      at /usr/lib/node_modules/yarn/lib/cli.js:109:13

npm manifest: 
  {
    "name": "yktr.io",
    "version": "1.0.0",
    "description": "",
    "main": "index.js",
    "scripts": {
      "test": "echo \"Error: no test specified\" && exit 1",
      "phpstan": "vendor/bin/phpstan",
      "phpunit": "php bin/phpunit",
      "php-cs": "vendor/bin/php-cs-fixer fix"
    },
    "repository": {
      "type": "git",
      "url": "git+https://github.com/yktr-inc/yktr.io.git"
    },
    "author": "HARANG, LIEGE",
    "license": "MIT",
    "bugs": {
      "url": "https://github.com/yktr-inc/yktr.io/issues"
    },
    "homepage": "https://github.com/yktr-inc/yktr.io#readme",
    "devDependencies": {
      "husky": "^1.1.2"
    },
    "husky": {
      "hooks": {
        "pre-commit": "yarn php-cs fix && yarn phpstan analyse src && yarn phpunit",
        "pre-push": "php-cs-fixer fix",
      }
    }
  }

yarn manifest: 
  No manifest

Lockfile: 
  No lockfile
